Determining if the pthread_create exist failed with the following output:
Change Dir: /home/llg/workspace/Lab-PCL/build/CMakeFiles/CMakeTmp

Run Build Command:"/usr/bin/make" "cmTC_90227/fast"
/usr/bin/make -f CMakeFiles/cmTC_90227.dir/build.make CMakeFiles/cmTC_90227.dir/build
make[1]: Entering directory '/home/llg/workspace/Lab-PCL/build/CMakeFiles/CMakeTmp'
Building C object CMakeFiles/cmTC_90227.dir/CheckSymbolExists.c.o
/usr/bin/x86_64-linux-gnu-gcc-7    -o CMakeFiles/cmTC_90227.dir/CheckSymbolExists.c.o   -c /home/llg/workspace/Lab-PCL/build/CMakeFiles/CMakeTmp/CheckSymbolExists.c
Linking C executable cmTC_90227
/usr/bin/cmake -E cmake_link_script CMakeFiles/cmTC_90227.dir/link.txt --verbose=1
/usr/bin/x86_64-linux-gnu-gcc-7      -rdynamic CMakeFiles/cmTC_90227.dir/CheckSymbolExists.c.o  -o cmTC_90227 
CMakeFiles/cmTC_90227.dir/CheckSymbolExists.c.o: In function `main':
CheckSymbolExists.c:(.text+0x1b): undefined reference to `pthread_create'
collect2: error: ld returned 1 exit status
CMakeFiles/cmTC_90227.dir/build.make:97: recipe for target 'cmTC_90227' failed
make[1]: *** [cmTC_90227] Error 1
make[1]: Leaving directory '/home/llg/workspace/Lab-PCL/build/CMakeFiles/CMakeTmp'
Makefile:126: recipe for target 'cmTC_90227/fast' failed
make: *** [cmTC_90227/fast] Error 2

File /home/llg/workspace/Lab-PCL/build/CMakeFiles/CMakeTmp/CheckSymbolExists.c:
/* */
#include <pthread.h>

int main(int argc, char** argv)
{
  (void)argv;
#ifndef pthread_create
  return ((int*)(&pthread_create))[argc];
#else
  (void)argc;
  return 0;
#endif
}

Determining if the function pthread_create exists in the pthreads failed with the following output:
Change Dir: /home/llg/workspace/Lab-PCL/build/CMakeFiles/CMakeTmp

Run Build Command:"/usr/bin/make" "cmTC_22a59/fast"
/usr/bin/make -f CMakeFiles/cmTC_22a59.dir/build.make CMakeFiles/cmTC_22a59.dir/build
make[1]: Entering directory '/home/llg/workspace/Lab-PCL/build/CMakeFiles/CMakeTmp'
Building C object CMakeFiles/cmTC_22a59.dir/CheckFunctionExists.c.o
/usr/bin/x86_64-linux-gnu-gcc-7   -DCHECK_FUNCTION_EXISTS=pthread_create   -o CMakeFiles/cmTC_22a59.dir/CheckFunctionExists.c.o   -c /usr/share/cmake-3.10/Modules/CheckFunctionExists.c
Linking C executable cmTC_22a59
/usr/bin/cmake -E cmake_link_script CMakeFiles/cmTC_22a59.dir/link.txt --verbose=1
/usr/bin/x86_64-linux-gnu-gcc-7  -DCHECK_FUNCTION_EXISTS=pthread_create    -rdynamic CMakeFiles/cmTC_22a59.dir/CheckFunctionExists.c.o  -o cmTC_22a59 -lpthreads 
/usr/bin/ld: cannot find -lpthreads
collect2: error: ld returned 1 exit status
CMakeFiles/cmTC_22a59.dir/build.make:97: recipe for target 'cmTC_22a59' failed
make[1]: *** [cmTC_22a59] Error 1
make[1]: Leaving directory '/home/llg/workspace/Lab-PCL/build/CMakeFiles/CMakeTmp'
Makefile:126: recipe for target 'cmTC_22a59/fast' failed
make: *** [cmTC_22a59/fast] Error 2


